<?xml version="1.0" encoding="UTF-8"?>
<!-- Generated by org.testng.reporters.JUnitReportReporter -->
<testsuite hostname="MacBook-Air.local" failures="0" tests="1" name="mavenforjenkins.UiTest" time="22.642" errors="0" timestamp="2024-08-05T23:03:34 IST" skipped="0">
  <testcase classname="mavenforjenkins.UiTest" name="openApplication" time="22.642"/>
</testsuite> <!-- mavenforjenkins.UiTest -->
